<?xml version="1.0" encoding="UTF-8"?>
<testng-results skipped="0" failed="0" ignored="0" total="1" passed="1">
  <reporter-output>
  </reporter-output>
  <suite name="Suite" duration-ms="6624" started-at="2020-01-20T01:33:49 IST" finished-at="2020-01-20T01:33:56 IST">
    <groups>
    </groups>
    <test name="Test" duration-ms="6624" started-at="2020-01-20T01:33:49 IST" finished-at="2020-01-20T01:33:56 IST">
      <class name="jenkins.JenkinsDemo">
        <test-method status="PASS" signature="test()[pri:0, instance:jenkins.JenkinsDemo@13c27452]" name="test" duration-ms="6568" started-at="2020-01-20T01:33:49 IST" finished-at="2020-01-20T01:33:56 IST">
          <reporter-output>
          </reporter-output>
        </test-method> <!-- test -->
      </class> <!-- jenkins.JenkinsDemo -->
    </test> <!-- Test -->
  </suite> <!-- Suite -->
</testng-results>
